7.000000000000
8.615384615385
9.532544378698
10.137915339099
10.567627183922
10.898174756863
11.152442120664
11.359758717485
11.535180453256
11.683614229679
11.809212040497
11.915487111190
12.005412171007
12.081918927083
12.152540548077
12.217729736686
12.277904372326
12.333450189839
12.384723252159
12.432052232762
12.475740522550
12.516068174661
12.553293699688
12.587655722788
12.619374513343
12.648653396932
12.675680058707
12.700627746498
12.723656381383
12.744913582815
12.764535614906
12.782648259914
12.799367624536
12.814800884187
12.829046970019
12.842197203094
12.854335879779
12.865540812104
12.875883826557
12.885431224514
12.894244207244
12.902379268225
12.909888555285
12.916820204878
12.923218650657
12.929124908299
12.934576838430
12.939609389320
12.944254820910
12.948542911610
12.952501149178
12.956154906934
